<?xml version="1.0" encoding="UTF-8"?>
<testsuite xmlns:xsi="http://www.w3.org/2001/XMLSchema-instance" xsi:noNamespaceSchemaLocation="https://maven.apache.org/surefire/maven-surefire-plugin/xsd/surefire-test-report.xsd" name="accounts.web.AccountControllerCustomAuthenticationProviderTests" time="2.399" tests="1" errors="0" skipped="1" failures="0">
  <properties>
    <property name="java.specification.version" value="17"/>
    <property name="sun.cpu.isalist" value="amd64"/>
    <property name="sun.jnu.encoding" value="Cp1252"/>
    <property name="java.class.path" value="D:\WorkSpaceSpringTraining\core-spring-labfiles\lab\42-security-rest\target\test-classes;D:\WorkSpaceSpringTraining\core-spring-labfiles\lab\42-security-rest\target\classes;C:\Users\CHAOUCH AHMED\.m2\repository\org\springframework\boot\spring-boot-starter-web\2.7.5\spring-boot-starter-web-2.7.5.jar;C:\Users\CHAOUCH AHMED\.m2\repository\org\springframework\boot\spring-boot-starter-json\2.7.5\spring-boot-starter-json-2.7.5.jar;C:\Users\CHAOUCH AHMED\.m2\repository\com\fasterxml\jackson\core\jackson-databind\2.13.4.2\jackson-databind-2.13.4.2.jar;C:\Users\CHAOUCH AHMED\.m2\repository\com\fasterxml\jackson\core\jackson-core\2.13.4\jackson-core-2.13.4.jar;C:\Users\CHAOUCH AHMED\.m2\repository\com\fasterxml\jackson\datatype\jackson-datatype-jdk8\2.13.4\jackson-datatype-jdk8-2.13.4.jar;C:\Users\CHAOUCH AHMED\.m2\repository\com\fasterxml\jackson\datatype\jackson-datatype-jsr310\2.13.4\jackson-datatype-jsr310-2.13.4.jar;C:\Users\CHAOUCH AHMED\.m2\repository\com\fasterxml\jackson\module\jackson-module-parameter-names\2.13.4\jackson-module-parameter-names-2.13.4.jar;C:\Users\CHAOUCH AHMED\.m2\repository\org\springframework\boot\spring-boot-starter-tomcat\2.7.5\spring-boot-starter-tomcat-2.7.5.jar;C:\Users\CHAOUCH AHMED\.m2\repository\org\apache\tomcat\embed\tomcat-embed-core\9.0.68\tomcat-embed-core-9.0.68.jar;C:\Users\CHAOUCH AHMED\.m2\repository\org\apache\tomcat\embed\tomcat-embed-el\9.0.68\tomcat-embed-el-9.0.68.jar;C:\Users\CHAOUCH AHMED\.m2\repository\org\apache\tomcat\embed\tomcat-embed-websocket\9.0.68\tomcat-embed-websocket-9.0.68.jar;C:\Users\CHAOUCH AHMED\.m2\repository\org\springframework\spring-web\5.3.23\spring-web-5.3.23.jar;C:\Users\CHAOUCH AHMED\.m2\repository\org\springframework\spring-webmvc\5.3.23\spring-webmvc-5.3.23.jar;C:\Users\CHAOUCH AHMED\.m2\repository\org\springframework\spring-context\5.3.23\spring-context-5.3.23.jar;C:\Users\CHAOUCH AHMED\.m2\repository\org\springframework\spring-expression\5.3.23\spring-expression-5.3.23.jar;C:\Users\CHAOUCH AHMED\.m2\repository\org\springframework\boot\spring-boot-starter-security\2.7.5\spring-boot-starter-security-2.7.5.jar;C:\Users\CHAOUCH AHMED\.m2\repository\org\springframework\spring-aop\5.3.23\spring-aop-5.3.23.jar;C:\Users\CHAOUCH AHMED\.m2\repository\org\springframework\security\spring-security-config\5.8.0\spring-security-config-5.8.0.jar;C:\Users\CHAOUCH AHMED\.m2\repository\org\springframework\security\spring-security-web\5.8.0\spring-security-web-5.8.0.jar;C:\Users\CHAOUCH AHMED\.m2\repository\org\springframework\security\spring-security-test\5.8.0\spring-security-test-5.8.0.jar;C:\Users\CHAOUCH AHMED\.m2\repository\org\springframework\security\spring-security-core\5.8.0\spring-security-core-5.8.0.jar;C:\Users\CHAOUCH AHMED\.m2\repository\org\springframework\security\spring-security-crypto\5.8.0\spring-security-crypto-5.8.0.jar;C:\Users\CHAOUCH AHMED\.m2\repository\org\springframework\spring-core\5.3.23\spring-core-5.3.23.jar;C:\Users\CHAOUCH AHMED\.m2\repository\org\springframework\spring-jcl\5.3.23\spring-jcl-5.3.23.jar;C:\Users\CHAOUCH AHMED\.m2\repository\org\springframework\spring-test\5.3.23\spring-test-5.3.23.jar;C:\Users\CHAOUCH AHMED\.m2\repository\org\springframework\boot\spring-boot-devtools\2.7.5\spring-boot-devtools-2.7.5.jar;C:\Users\CHAOUCH AHMED\.m2\repository\org\springframework\boot\spring-boot\2.7.5\spring-boot-2.7.5.jar;C:\Users\CHAOUCH AHMED\.m2\repository\org\springframework\boot\spring-boot-autoconfigure\2.7.5\spring-boot-autoconfigure-2.7.5.jar;D:\WorkSpaceSpringTraining\core-spring-labfiles\lab\00-rewards-common\target\00-rewards-common-5.3.23.jar;C:\Users\CHAOUCH AHMED\.m2\repository\org\hibernate\hibernate-entitymanager\5.6.12.Final\hibernate-entitymanager-5.6.12.Final.jar;C:\Users\CHAOUCH AHMED\.m2\repository\org\jboss\logging\jboss-logging\3.4.3.Final\jboss-logging-3.4.3.Final.jar;C:\Users\CHAOUCH AHMED\.m2\repository\org\hibernate\hibernate-core\5.6.12.Final\hibernate-core-5.6.12.Final.jar;C:\Users\CHAOUCH AHMED\.m2\repository\antlr\antlr\2.7.7\antlr-2.7.7.jar;C:\Users\CHAOUCH AHMED\.m2\repository\org\jboss\jandex\2.4.2.Final\jandex-2.4.2.Final.jar;C:\Users\CHAOUCH AHMED\.m2\repository\com\fasterxml\classmate\1.5.1\classmate-1.5.1.jar;C:\Users\CHAOUCH AHMED\.m2\repository\javax\activation\javax.activation-api\1.2.0\javax.activation-api-1.2.0.jar;C:\Users\CHAOUCH AHMED\.m2\repository\javax\xml\bind\jaxb-api\2.3.1\jaxb-api-2.3.1.jar;C:\Users\CHAOUCH AHMED\.m2\repository\org\glassfish\jaxb\jaxb-runtime\2.3.7\jaxb-runtime-2.3.7.jar;C:\Users\CHAOUCH AHMED\.m2\repository\org\glassfish\jaxb\txw2\2.3.7\txw2-2.3.7.jar;C:\Users\CHAOUCH AHMED\.m2\repository\com\sun\istack\istack-commons-runtime\3.0.12\istack-commons-runtime-3.0.12.jar;C:\Users\CHAOUCH AHMED\.m2\repository\com\sun\activation\jakarta.activation\1.2.2\jakarta.activation-1.2.2.jar;C:\Users\CHAOUCH AHMED\.m2\repository\org\hibernate\common\hibernate-commons-annotations\5.1.2.Final\hibernate-commons-annotations-5.1.2.Final.jar;C:\Users\CHAOUCH AHMED\.m2\repository\javax\persistence\javax.persistence-api\2.2\javax.persistence-api-2.2.jar;C:\Users\CHAOUCH AHMED\.m2\repository\net\bytebuddy\byte-buddy\1.12.18\byte-buddy-1.12.18.jar;C:\Users\CHAOUCH AHMED\.m2\repository\org\jboss\spec\javax\transaction\jboss-transaction-api_1.2_spec\1.1.1.Final\jboss-transaction-api_1.2_spec-1.1.1.Final.jar;C:\Users\CHAOUCH AHMED\.m2\repository\com\fasterxml\jackson\core\jackson-annotations\2.13.4\jackson-annotations-2.13.4.jar;D:\WorkSpaceSpringTraining\core-spring-labfiles\lab\01-rewards-db\target\01-rewards-db-5.3.23.jar;C:\Users\CHAOUCH AHMED\.m2\repository\org\springframework\spring-orm\5.3.23\spring-orm-5.3.23.jar;C:\Users\CHAOUCH AHMED\.m2\repository\org\springframework\boot\spring-boot-starter\2.7.5\spring-boot-starter-2.7.5.jar;C:\Users\CHAOUCH AHMED\.m2\repository\org\springframework\boot\spring-boot-starter-logging\2.7.5\spring-boot-starter-logging-2.7.5.jar;C:\Users\CHAOUCH AHMED\.m2\repository\ch\qos\logback\logback-classic\1.2.11\logback-classic-1.2.11.jar;C:\Users\CHAOUCH AHMED\.m2\repository\ch\qos\logback\logback-core\1.2.11\logback-core-1.2.11.jar;C:\Users\CHAOUCH AHMED\.m2\repository\org\apache\logging\log4j\log4j-to-slf4j\2.17.2\log4j-to-slf4j-2.17.2.jar;C:\Users\CHAOUCH AHMED\.m2\repository\org\apache\logging\log4j\log4j-api\2.17.2\log4j-api-2.17.2.jar;C:\Users\CHAOUCH AHMED\.m2\repository\org\slf4j\jul-to-slf4j\1.7.36\jul-to-slf4j-1.7.36.jar;C:\Users\CHAOUCH AHMED\.m2\repository\jakarta\annotation\jakarta.annotation-api\1.3.5\jakarta.annotation-api-1.3.5.jar;C:\Users\CHAOUCH AHMED\.m2\repository\org\yaml\snakeyaml\1.30\snakeyaml-1.30.jar;C:\Users\CHAOUCH AHMED\.m2\repository\org\springframework\boot\spring-boot-starter-test\2.7.5\spring-boot-starter-test-2.7.5.jar;C:\Users\CHAOUCH AHMED\.m2\repository\org\springframework\boot\spring-boot-test\2.7.5\spring-boot-test-2.7.5.jar;C:\Users\CHAOUCH AHMED\.m2\repository\org\springframework\boot\spring-boot-test-autoconfigure\2.7.5\spring-boot-test-autoconfigure-2.7.5.jar;C:\Users\CHAOUCH AHMED\.m2\repository\com\jayway\jsonpath\json-path\2.7.0\json-path-2.7.0.jar;C:\Users\CHAOUCH AHMED\.m2\repository\net\minidev\json-smart\2.4.8\json-smart-2.4.8.jar;C:\Users\CHAOUCH AHMED\.m2\repository\net\minidev\accessors-smart\2.4.8\accessors-smart-2.4.8.jar;C:\Users\CHAOUCH AHMED\.m2\repository\org\ow2\asm\asm\9.1\asm-9.1.jar;C:\Users\CHAOUCH AHMED\.m2\repository\org\slf4j\slf4j-api\1.7.36\slf4j-api-1.7.36.jar;C:\Users\CHAOUCH AHMED\.m2\repository\jakarta\xml\bind\jakarta.xml.bind-api\2.3.3\jakarta.xml.bind-api-2.3.3.jar;C:\Users\CHAOUCH AHMED\.m2\repository\jakarta\activation\jakarta.activation-api\1.2.2\jakarta.activation-api-1.2.2.jar;C:\Users\CHAOUCH AHMED\.m2\repository\org\assertj\assertj-core\3.22.0\assertj-core-3.22.0.jar;C:\Users\CHAOUCH AHMED\.m2\repository\org\hamcrest\hamcrest\2.2\hamcrest-2.2.jar;C:\Users\CHAOUCH AHMED\.m2\repository\org\junit\jupiter\junit-jupiter\5.8.2\junit-jupiter-5.8.2.jar;C:\Users\CHAOUCH AHMED\.m2\repository\org\junit\jupiter\junit-jupiter-api\5.8.2\junit-jupiter-api-5.8.2.jar;C:\Users\CHAOUCH AHMED\.m2\repository\org\opentest4j\opentest4j\1.2.0\opentest4j-1.2.0.jar;C:\Users\CHAOUCH AHMED\.m2\repository\org\junit\platform\junit-platform-commons\1.8.2\junit-platform-commons-1.8.2.jar;C:\Users\CHAOUCH AHMED\.m2\repository\org\apiguardian\apiguardian-api\1.1.2\apiguardian-api-1.1.2.jar;C:\Users\CHAOUCH AHMED\.m2\repository\org\junit\jupiter\junit-jupiter-params\5.8.2\junit-jupiter-params-5.8.2.jar;C:\Users\CHAOUCH AHMED\.m2\repository\org\junit\jupiter\junit-jupiter-engine\5.8.2\junit-jupiter-engine-5.8.2.jar;C:\Users\CHAOUCH AHMED\.m2\repository\org\junit\platform\junit-platform-engine\1.8.2\junit-platform-engine-1.8.2.jar;C:\Users\CHAOUCH AHMED\.m2\repository\org\mockito\mockito-core\4.5.1\mockito-core-4.5.1.jar;C:\Users\CHAOUCH AHMED\.m2\repository\net\bytebuddy\byte-buddy-agent\1.12.18\byte-buddy-agent-1.12.18.jar;C:\Users\CHAOUCH AHMED\.m2\repository\org\objenesis\objenesis\3.2\objenesis-3.2.jar;C:\Users\CHAOUCH AHMED\.m2\repository\org\mockito\mockito-junit-jupiter\4.5.1\mockito-junit-jupiter-4.5.1.jar;C:\Users\CHAOUCH AHMED\.m2\repository\org\skyscreamer\jsonassert\1.5.1\jsonassert-1.5.1.jar;C:\Users\CHAOUCH AHMED\.m2\repository\com\vaadin\external\google\android-json\0.0.20131108.vaadin1\android-json-0.0.20131108.vaadin1.jar;C:\Users\CHAOUCH AHMED\.m2\repository\org\xmlunit\xmlunit-core\2.9.0\xmlunit-core-2.9.0.jar;C:\Users\CHAOUCH AHMED\.m2\repository\org\springframework\spring-jdbc\5.3.23\spring-jdbc-5.3.23.jar;C:\Users\CHAOUCH AHMED\.m2\repository\org\springframework\spring-beans\5.3.23\spring-beans-5.3.23.jar;C:\Users\CHAOUCH AHMED\.m2\repository\org\springframework\spring-tx\5.3.23\spring-tx-5.3.23.jar;C:\Users\CHAOUCH AHMED\.m2\repository\org\hsqldb\hsqldb\2.5.2\hsqldb-2.5.2.jar;"/>
    <property name="java.vm.vendor" value="Oracle Corporation"/>
    <property name="sun.arch.data.model" value="64"/>
    <property name="user.variant" value=""/>
    <property name="java.vendor.url" value="https://java.oracle.com/"/>
    <property name="user.timezone" value="Europe/Paris"/>
    <property name="os.name" value="Windows 10"/>
    <property name="java.vm.specification.version" value="17"/>
    <property name="sun.java.launcher" value="SUN_STANDARD"/>
    <property name="user.country" value="FR"/>
    <property name="sun.boot.library.path" value="C:\Program Files\Java\jdk-17\bin"/>
    <property name="sun.java.command" value="C:\Users\CHAOUC~1\AppData\Local\Temp\surefire14836297009693469243\surefirebooter10197994256539721383.jar C:\Users\CHAOUCH AHMED\AppData\Local\Temp\surefire14836297009693469243 2023-11-01T11-56-13_132-jvmRun1 surefire14392625672964725704tmp surefire_2716707106309678859389tmp"/>
    <property name="jdk.debug" value="release"/>
    <property name="surefire.test.class.path" value="D:\WorkSpaceSpringTraining\core-spring-labfiles\lab\42-security-rest\target\test-classes;D:\WorkSpaceSpringTraining\core-spring-labfiles\lab\42-security-rest\target\classes;C:\Users\CHAOUCH AHMED\.m2\repository\org\springframework\boot\spring-boot-starter-web\2.7.5\spring-boot-starter-web-2.7.5.jar;C:\Users\CHAOUCH AHMED\.m2\repository\org\springframework\boot\spring-boot-starter-json\2.7.5\spring-boot-starter-json-2.7.5.jar;C:\Users\CHAOUCH AHMED\.m2\repository\com\fasterxml\jackson\core\jackson-databind\2.13.4.2\jackson-databind-2.13.4.2.jar;C:\Users\CHAOUCH AHMED\.m2\repository\com\fasterxml\jackson\core\jackson-core\2.13.4\jackson-core-2.13.4.jar;C:\Users\CHAOUCH AHMED\.m2\repository\com\fasterxml\jackson\datatype\jackson-datatype-jdk8\2.13.4\jackson-datatype-jdk8-2.13.4.jar;C:\Users\CHAOUCH AHMED\.m2\repository\com\fasterxml\jackson\datatype\jackson-datatype-jsr310\2.13.4\jackson-datatype-jsr310-2.13.4.jar;C:\Users\CHAOUCH AHMED\.m2\repository\com\fasterxml\jackson\module\jackson-module-parameter-names\2.13.4\jackson-module-parameter-names-2.13.4.jar;C:\Users\CHAOUCH AHMED\.m2\repository\org\springframework\boot\spring-boot-starter-tomcat\2.7.5\spring-boot-starter-tomcat-2.7.5.jar;C:\Users\CHAOUCH AHMED\.m2\repository\org\apache\tomcat\embed\tomcat-embed-core\9.0.68\tomcat-embed-core-9.0.68.jar;C:\Users\CHAOUCH AHMED\.m2\repository\org\apache\tomcat\embed\tomcat-embed-el\9.0.68\tomcat-embed-el-9.0.68.jar;C:\Users\CHAOUCH AHMED\.m2\repository\org\apache\tomcat\embed\tomcat-embed-websocket\9.0.68\tomcat-embed-websocket-9.0.68.jar;C:\Users\CHAOUCH AHMED\.m2\repository\org\springframework\spring-web\5.3.23\spring-web-5.3.23.jar;C:\Users\CHAOUCH AHMED\.m2\repository\org\springframework\spring-webmvc\5.3.23\spring-webmvc-5.3.23.jar;C:\Users\CHAOUCH AHMED\.m2\repository\org\springframework\spring-context\5.3.23\spring-context-5.3.23.jar;C:\Users\CHAOUCH AHMED\.m2\repository\org\springframework\spring-expression\5.3.23\spring-expression-5.3.23.jar;C:\Users\CHAOUCH AHMED\.m2\repository\org\springframework\boot\spring-boot-starter-security\2.7.5\spring-boot-starter-security-2.7.5.jar;C:\Users\CHAOUCH AHMED\.m2\repository\org\springframework\spring-aop\5.3.23\spring-aop-5.3.23.jar;C:\Users\CHAOUCH AHMED\.m2\repository\org\springframework\security\spring-security-config\5.8.0\spring-security-config-5.8.0.jar;C:\Users\CHAOUCH AHMED\.m2\repository\org\springframework\security\spring-security-web\5.8.0\spring-security-web-5.8.0.jar;C:\Users\CHAOUCH AHMED\.m2\repository\org\springframework\security\spring-security-test\5.8.0\spring-security-test-5.8.0.jar;C:\Users\CHAOUCH AHMED\.m2\repository\org\springframework\security\spring-security-core\5.8.0\spring-security-core-5.8.0.jar;C:\Users\CHAOUCH AHMED\.m2\repository\org\springframework\security\spring-security-crypto\5.8.0\spring-security-crypto-5.8.0.jar;C:\Users\CHAOUCH AHMED\.m2\repository\org\springframework\spring-core\5.3.23\spring-core-5.3.23.jar;C:\Users\CHAOUCH AHMED\.m2\repository\org\springframework\spring-jcl\5.3.23\spring-jcl-5.3.23.jar;C:\Users\CHAOUCH AHMED\.m2\repository\org\springframework\spring-test\5.3.23\spring-test-5.3.23.jar;C:\Users\CHAOUCH AHMED\.m2\repository\org\springframework\boot\spring-boot-devtools\2.7.5\spring-boot-devtools-2.7.5.jar;C:\Users\CHAOUCH AHMED\.m2\repository\org\springframework\boot\spring-boot\2.7.5\spring-boot-2.7.5.jar;C:\Users\CHAOUCH AHMED\.m2\repository\org\springframework\boot\spring-boot-autoconfigure\2.7.5\spring-boot-autoconfigure-2.7.5.jar;D:\WorkSpaceSpringTraining\core-spring-labfiles\lab\00-rewards-common\target\00-rewards-common-5.3.23.jar;C:\Users\CHAOUCH AHMED\.m2\repository\org\hibernate\hibernate-entitymanager\5.6.12.Final\hibernate-entitymanager-5.6.12.Final.jar;C:\Users\CHAOUCH AHMED\.m2\repository\org\jboss\logging\jboss-logging\3.4.3.Final\jboss-logging-3.4.3.Final.jar;C:\Users\CHAOUCH AHMED\.m2\repository\org\hibernate\hibernate-core\5.6.12.Final\hibernate-core-5.6.12.Final.jar;C:\Users\CHAOUCH AHMED\.m2\repository\antlr\antlr\2.7.7\antlr-2.7.7.jar;C:\Users\CHAOUCH AHMED\.m2\repository\org\jboss\jandex\2.4.2.Final\jandex-2.4.2.Final.jar;C:\Users\CHAOUCH AHMED\.m2\repository\com\fasterxml\classmate\1.5.1\classmate-1.5.1.jar;C:\Users\CHAOUCH AHMED\.m2\repository\javax\activation\javax.activation-api\1.2.0\javax.activation-api-1.2.0.jar;C:\Users\CHAOUCH AHMED\.m2\repository\javax\xml\bind\jaxb-api\2.3.1\jaxb-api-2.3.1.jar;C:\Users\CHAOUCH AHMED\.m2\repository\org\glassfish\jaxb\jaxb-runtime\2.3.7\jaxb-runtime-2.3.7.jar;C:\Users\CHAOUCH AHMED\.m2\repository\org\glassfish\jaxb\txw2\2.3.7\txw2-2.3.7.jar;C:\Users\CHAOUCH AHMED\.m2\repository\com\sun\istack\istack-commons-runtime\3.0.12\istack-commons-runtime-3.0.12.jar;C:\Users\CHAOUCH AHMED\.m2\repository\com\sun\activation\jakarta.activation\1.2.2\jakarta.activation-1.2.2.jar;C:\Users\CHAOUCH AHMED\.m2\repository\org\hibernate\common\hibernate-commons-annotations\5.1.2.Final\hibernate-commons-annotations-5.1.2.Final.jar;C:\Users\CHAOUCH AHMED\.m2\repository\javax\persistence\javax.persistence-api\2.2\javax.persistence-api-2.2.jar;C:\Users\CHAOUCH AHMED\.m2\repository\net\bytebuddy\byte-buddy\1.12.18\byte-buddy-1.12.18.jar;C:\Users\CHAOUCH AHMED\.m2\repository\org\jboss\spec\javax\transaction\jboss-transaction-api_1.2_spec\1.1.1.Final\jboss-transaction-api_1.2_spec-1.1.1.Final.jar;C:\Users\CHAOUCH AHMED\.m2\repository\com\fasterxml\jackson\core\jackson-annotations\2.13.4\jackson-annotations-2.13.4.jar;D:\WorkSpaceSpringTraining\core-spring-labfiles\lab\01-rewards-db\target\01-rewards-db-5.3.23.jar;C:\Users\CHAOUCH AHMED\.m2\repository\org\springframework\spring-orm\5.3.23\spring-orm-5.3.23.jar;C:\Users\CHAOUCH AHMED\.m2\repository\org\springframework\boot\spring-boot-starter\2.7.5\spring-boot-starter-2.7.5.jar;C:\Users\CHAOUCH AHMED\.m2\repository\org\springframework\boot\spring-boot-starter-logging\2.7.5\spring-boot-starter-logging-2.7.5.jar;C:\Users\CHAOUCH AHMED\.m2\repository\ch\qos\logback\logback-classic\1.2.11\logback-classic-1.2.11.jar;C:\Users\CHAOUCH AHMED\.m2\repository\ch\qos\logback\logback-core\1.2.11\logback-core-1.2.11.jar;C:\Users\CHAOUCH AHMED\.m2\repository\org\apache\logging\log4j\log4j-to-slf4j\2.17.2\log4j-to-slf4j-2.17.2.jar;C:\Users\CHAOUCH AHMED\.m2\repository\org\apache\logging\log4j\log4j-api\2.17.2\log4j-api-2.17.2.jar;C:\Users\CHAOUCH AHMED\.m2\repository\org\slf4j\jul-to-slf4j\1.7.36\jul-to-slf4j-1.7.36.jar;C:\Users\CHAOUCH AHMED\.m2\repository\jakarta\annotation\jakarta.annotation-api\1.3.5\jakarta.annotation-api-1.3.5.jar;C:\Users\CHAOUCH AHMED\.m2\repository\org\yaml\snakeyaml\1.30\snakeyaml-1.30.jar;C:\Users\CHAOUCH AHMED\.m2\repository\org\springframework\boot\spring-boot-starter-test\2.7.5\spring-boot-starter-test-2.7.5.jar;C:\Users\CHAOUCH AHMED\.m2\repository\org\springframework\boot\spring-boot-test\2.7.5\spring-boot-test-2.7.5.jar;C:\Users\CHAOUCH AHMED\.m2\repository\org\springframework\boot\spring-boot-test-autoconfigure\2.7.5\spring-boot-test-autoconfigure-2.7.5.jar;C:\Users\CHAOUCH AHMED\.m2\repository\com\jayway\jsonpath\json-path\2.7.0\json-path-2.7.0.jar;C:\Users\CHAOUCH AHMED\.m2\repository\net\minidev\json-smart\2.4.8\json-smart-2.4.8.jar;C:\Users\CHAOUCH AHMED\.m2\repository\net\minidev\accessors-smart\2.4.8\accessors-smart-2.4.8.jar;C:\Users\CHAOUCH AHMED\.m2\repository\org\ow2\asm\asm\9.1\asm-9.1.jar;C:\Users\CHAOUCH AHMED\.m2\repository\org\slf4j\slf4j-api\1.7.36\slf4j-api-1.7.36.jar;C:\Users\CHAOUCH AHMED\.m2\repository\jakarta\xml\bind\jakarta.xml.bind-api\2.3.3\jakarta.xml.bind-api-2.3.3.jar;C:\Users\CHAOUCH AHMED\.m2\repository\jakarta\activation\jakarta.activation-api\1.2.2\jakarta.activation-api-1.2.2.jar;C:\Users\CHAOUCH AHMED\.m2\repository\org\assertj\assertj-core\3.22.0\assertj-core-3.22.0.jar;C:\Users\CHAOUCH AHMED\.m2\repository\org\hamcrest\hamcrest\2.2\hamcrest-2.2.jar;C:\Users\CHAOUCH AHMED\.m2\repository\org\junit\jupiter\junit-jupiter\5.8.2\junit-jupiter-5.8.2.jar;C:\Users\CHAOUCH AHMED\.m2\repository\org\junit\jupiter\junit-jupiter-api\5.8.2\junit-jupiter-api-5.8.2.jar;C:\Users\CHAOUCH AHMED\.m2\repository\org\opentest4j\opentest4j\1.2.0\opentest4j-1.2.0.jar;C:\Users\CHAOUCH AHMED\.m2\repository\org\junit\platform\junit-platform-commons\1.8.2\junit-platform-commons-1.8.2.jar;C:\Users\CHAOUCH AHMED\.m2\repository\org\apiguardian\apiguardian-api\1.1.2\apiguardian-api-1.1.2.jar;C:\Users\CHAOUCH AHMED\.m2\repository\org\junit\jupiter\junit-jupiter-params\5.8.2\junit-jupiter-params-5.8.2.jar;C:\Users\CHAOUCH AHMED\.m2\repository\org\junit\jupiter\junit-jupiter-engine\5.8.2\junit-jupiter-engine-5.8.2.jar;C:\Users\CHAOUCH AHMED\.m2\repository\org\junit\platform\junit-platform-engine\1.8.2\junit-platform-engine-1.8.2.jar;C:\Users\CHAOUCH AHMED\.m2\repository\org\mockito\mockito-core\4.5.1\mockito-core-4.5.1.jar;C:\Users\CHAOUCH AHMED\.m2\repository\net\bytebuddy\byte-buddy-agent\1.12.18\byte-buddy-agent-1.12.18.jar;C:\Users\CHAOUCH AHMED\.m2\repository\org\objenesis\objenesis\3.2\objenesis-3.2.jar;C:\Users\CHAOUCH AHMED\.m2\repository\org\mockito\mockito-junit-jupiter\4.5.1\mockito-junit-jupiter-4.5.1.jar;C:\Users\CHAOUCH AHMED\.m2\repository\org\skyscreamer\jsonassert\1.5.1\jsonassert-1.5.1.jar;C:\Users\CHAOUCH AHMED\.m2\repository\com\vaadin\external\google\android-json\0.0.20131108.vaadin1\android-json-0.0.20131108.vaadin1.jar;C:\Users\CHAOUCH AHMED\.m2\repository\org\xmlunit\xmlunit-core\2.9.0\xmlunit-core-2.9.0.jar;C:\Users\CHAOUCH AHMED\.m2\repository\org\springframework\spring-jdbc\5.3.23\spring-jdbc-5.3.23.jar;C:\Users\CHAOUCH AHMED\.m2\repository\org\springframework\spring-beans\5.3.23\spring-beans-5.3.23.jar;C:\Users\CHAOUCH AHMED\.m2\repository\org\springframework\spring-tx\5.3.23\spring-tx-5.3.23.jar;C:\Users\CHAOUCH AHMED\.m2\repository\org\hsqldb\hsqldb\2.5.2\hsqldb-2.5.2.jar;"/>
    <property name="sun.cpu.endian" value="little"/>
    <property name="user.home" value="C:\Users\CHAOUCH AHMED"/>
    <property name="user.language" value="fr"/>
    <property name="java.specification.vendor" value="Oracle Corporation"/>
    <property name="java.version.date" value="2023-01-17"/>
    <property name="java.home" value="C:\Program Files\Java\jdk-17"/>
    <property name="file.separator" value="\"/>
    <property name="basedir" value="D:\WorkSpaceSpringTraining\core-spring-labfiles\lab\42-security-rest"/>
    <property name="java.vm.compressedOopsMode" value="Zero based"/>
    <property name="line.separator" value="&#10;"/>
    <property name="java.vm.specification.vendor" value="Oracle Corporation"/>
    <property name="java.specification.name" value="Java Platform API Specification"/>
    <property name="surefire.real.class.path" value="C:\Users\CHAOUC~1\AppData\Local\Temp\surefire14836297009693469243\surefirebooter10197994256539721383.jar"/>
    <property name="user.script" value=""/>
    <property name="sun.management.compiler" value="HotSpot 64-Bit Tiered Compilers"/>
    <property name="java.runtime.version" value="17.0.6+9-LTS-190"/>
    <property name="user.name" value="CHAOUCH AHMED"/>
    <property name="path.separator" value=";"/>
    <property name="os.version" value="10.0"/>
    <property name="java.runtime.name" value="Java(TM) SE Runtime Environment"/>
    <property name="file.encoding" value="Cp1252"/>
    <property name="java.vm.name" value="Java HotSpot(TM) 64-Bit Server VM"/>
    <property name="localRepository" value="C:\Users\CHAOUCH AHMED\.m2\repository"/>
    <property name="java.vendor.url.bug" value="https://bugreport.java.com/bugreport/"/>
    <property name="java.io.tmpdir" value="C:\Users\CHAOUC~1\AppData\Local\Temp\"/>
    <property name="idea.version" value="2022.3.3"/>
    <property name="java.version" value="17.0.6"/>
    <property name="user.dir" value="D:\WorkSpaceSpringTraining\core-spring-labfiles\lab\42-security-rest"/>
    <property name="os.arch" value="amd64"/>
    <property name="java.vm.specification.name" value="Java Virtual Machine Specification"/>
    <property name="sun.os.patch.level" value=""/>
    <property name="native.encoding" value="Cp1252"/>
    <property name="java.library.path" value="C:\Program Files\Java\jdk-17\bin;C:\WINDOWS\Sun\Java\bin;C:\WINDOWS\system32;C:\WINDOWS;C:\Program Files\Common Files\Oracle\Java\javapath;C:\Program Files (x86)\Common Files\Oracle\Java\javapath;C:\Python34;C:\Python34\Scripts;C:\Program Files\ImageMagick-7.0.3-Q16;C:\Program Files\Java\jdk-11.0.9\bin;C:\Program Files\Apache\apache-maven-3.2.2\bin;C:\Program Files\MySQL\MySQL Server 8.0\bin;C:\ProgramData\Oracle\Java\javapath;C:\Program Files\iis express\PHP\v7.0;C:\Windows\system32;C:\Windows;C:\Windows\System32\Wbem;C:\Windows\System32\WindowsPowerShell\v1.0\;C:\Users\CHAOUCH AHMED\.dnx\bin;C:\Program Files\Microsoft DNX\Dnvm\;C:\Program Files\Microsoft SQL Server\120\Tools\Binn\;C:\Program Files\Microsoft SQL Server\110\DTS\Binn\;C:\Program Files (x86)\Microsoft SQL Server\110\Tools\Binn\;C:\Program Files\Microsoft SQL Server\110\Tools\Binn\;C:\Program Files (x86)\Microsoft SQL Server\110\Tools\Binn\ManagementStudio\;C:\Program Files (x86)\Microsoft Visual Studio 10.0\Common7\IDE\PrivateAssemblies\;C:\Program Files (x86)\Microsoft SQL Server\110\DTS\Binn\;C:\Program Files\Microsoft\Web Platform Installer\;C:\Program Files (x86)\Microsoft SQL Server\100\Tools\Binn\;C:\Program Files\Microsoft SQL Server\100\Tools\Binn\;C:\Program Files\Microsoft SQL Server\100\DTS\Binn\;C:\WINDOWS\system32;C:\WINDOWS;C:\WINDOWS\System32\Wbem;C:\WINDOWS\System32\WindowsPowerShell\v1.0\;C:\WINDOWS\system32\config\systemprofile\.dnx\bin;C:\Program Files\Microsoft SQL Server\130\Tools\Binn\;C:\Program Files (x86)\Windows Kits\10\Windows Performance Toolkit\;C:\Program Files (x86)\Skype\Phone\;C:\WINDOWS\System32\OpenSSH\;C:\Program Files\PuTTY\;C:\Program Files\Git\bin;C:\Program Files\PostgreSQL\12\bin;;C:\Program Files\Docker\Docker\resources\bin;C:\ProgramData\DockerDesktop\version-bin;C:\Program Files\nodejs\;C:\Program Files\Microsoft SQL Server\150\Tools\Binn\;C:\Program Files\Microsoft SQL Server\Client SDK\ODBC\170\Tools\Binn\;C:\Program Files\dotnet\;C:\Users\CHAOUCH AHMED\.dnx\bin;C:\Users\CHAOUCH AHMED\AppData\Local\Microsoft\WindowsApps;C:\Users\CHAOUCH AHMED\AppData\Local\atom\bin;C:\Users\CHAOUCH AHMED\AppData\Local\Programs\Microsoft VS Code\bin;C:\Program Files\Git\bin;C:\Program Files\PostgreSQL\12\bin;C:\Program Files (x86)\nodejs;C:\Users\CHAOUCH AHMED\AppData\Roaming\npm;C:\Users\CHAOUCH AHMED\.dotnet\tools;."/>
    <property name="java.vm.info" value="mixed mode, sharing"/>
    <property name="java.vendor" value="Oracle Corporation"/>
    <property name="java.vm.version" value="17.0.6+9-LTS-190"/>
    <property name="sun.io.unicode.encoding" value="UnicodeLittle"/>
    <property name="java.class.version" value="61.0"/>
  </properties>
  <testcase name="accountDetails_with_spring_credentials_should_return_200" classname="accounts.web.AccountControllerCustomAuthenticationProviderTests" time="0">
    <skipped message="public void accounts.web.AccountControllerCustomAuthenticationProviderTests.accountDetails_with_spring_credentials_should_return_200() throws java.lang.Exception is @Disabled"/>
    <system-out><![CDATA[INFO : o.s.t.c.support.AbstractContextLoader - Could not detect default resource locations for test class [accounts.web.AccountControllerCustomAuthenticationProviderTests]: no resource found for suffixes {-context.xml, Context.groovy}.
INFO : o.s.b.t.a.w.s.WebMvcTestContextBootstrapper - Loaded default TestExecutionListener class names from location [META-INF/spring.factories]: [org.springframework.security.test.context.support.WithSecurityContextTestExecutionListener, org.springframework.security.test.context.support.ReactorContextTestExecutionListener, org.springframework.test.context.web.ServletTestExecutionListener, org.springframework.test.context.support.DirtiesContextBeforeModesTestExecutionListener, org.springframework.test.context.event.ApplicationEventsTestExecutionListener, org.springframework.test.context.support.DependencyInjectionTestExecutionListener, org.springframework.test.context.support.DirtiesContextTestExecutionListener, org.springframework.test.context.transaction.TransactionalTestExecutionListener, org.springframework.test.context.jdbc.SqlScriptsTestExecutionListener, org.springframework.test.context.event.EventPublishingTestExecutionListener, org.springframework.boot.test.mock.mockito.MockitoTestExecutionListener, org.springframework.boot.test.mock.mockito.ResetMocksTestExecutionListener, org.springframework.boot.test.autoconfigure.restdocs.RestDocsTestExecutionListener, org.springframework.boot.test.autoconfigure.web.client.MockRestServiceServerResetTestExecutionListener, org.springframework.boot.test.autoconfigure.web.servlet.MockMvcPrintOnlyOnFailureTestExecutionListener, org.springframework.boot.test.autoconfigure.web.servlet.WebDriverTestExecutionListener, org.springframework.boot.test.autoconfigure.webservices.client.MockWebServiceServerTestExecutionListener]
INFO : o.s.b.t.a.w.s.WebMvcTestContextBootstrapper - Using TestExecutionListeners: [org.springframework.test.context.web.ServletTestExecutionListener@755a90a6, org.springframework.test.context.support.DirtiesContextBeforeModesTestExecutionListener@5862ab28, org.springframework.test.context.event.ApplicationEventsTestExecutionListener@21202507, org.springframework.boot.test.mock.mockito.MockitoTestExecutionListener@62878d7c, org.springframework.boot.test.autoconfigure.SpringBootDependencyInjectionTestExecutionListener@4379fe2a, org.springframework.test.context.support.DirtiesContextTestExecutionListener@e0f2686, org.springframework.test.context.transaction.TransactionalTestExecutionListener@2e27325d, org.springframework.test.context.jdbc.SqlScriptsTestExecutionListener@7095b688, org.springframework.security.test.context.support.WithSecurityContextTestExecutionListener@7c919e1e, org.springframework.test.context.event.EventPublishingTestExecutionListener@bddac1c, org.springframework.security.test.context.support.ReactorContextTestExecutionListener@1c7fd2e0, org.springframework.boot.test.mock.mockito.ResetMocksTestExecutionListener@41831611, org.springframework.boot.test.autoconfigure.restdocs.RestDocsTestExecutionListener@31921151, org.springframework.boot.test.autoconfigure.web.client.MockRestServiceServerResetTestExecutionListener@5749e633, org.springframework.boot.test.autoconfigure.web.servlet.MockMvcPrintOnlyOnFailureTestExecutionListener@35c3d6e8, org.springframework.boot.test.autoconfigure.web.servlet.WebDriverTestExecutionListener@6ca97ddf, org.springframework.boot.test.autoconfigure.webservices.client.MockWebServiceServerTestExecutionListener@4d10f182]
 ::                                                         ____
 /\    ____                 ____             _              \ \ \
|/\|  / ___|___  _ __ ___  / ___| _ __  _ __(_)_ __   __ _   \ \ \
     | |   / _ \| '__/ _ \ \___ \| '_ \| '__| | '_ \ / _` |   \ \ \
     | |__| (_) | | |  __/  ___) | |_) | |  | | | | | (_| |   / / /
      \____\___/|_|  \___| |____/| .__/|_|  |_|_| |_|\__, |  / / /
 ================================|_|==================|___/=/_/_/=
   :: Core Spring Training ::                  :: v5.3.23.RELEASE ::

INFO : a.w.AccountControllerCustomAuthenticationProviderTests - Starting AccountControllerCustomAuthenticationProviderTests using Java 17.0.6 on AHMED with PID 15940 (started by CHAOUCH AHMED in D:\WorkSpaceSpringTraining\core-spring-labfiles\lab\42-security-rest)
DEBUG: a.w.AccountControllerCustomAuthenticationProviderTests - Running with Spring Boot v2.7.5, Spring v5.3.23
INFO : a.w.AccountControllerCustomAuthenticationProviderTests - No active profile set, falling back to 1 default profile: "default"
INFO : o.s.s.web.DefaultSecurityFilterChain - Will secure any request with [org.springframework.security.web.session.DisableEncodeUrlFilter@6a4238ff, org.springframework.security.web.context.request.async.WebAsyncManagerIntegrationFilter@2b98c310, org.springframework.security.web.context.SecurityContextPersistenceFilter@1a59500b, org.springframework.security.web.header.HeaderWriterFilter@3615f8d9, org.springframework.security.web.authentication.logout.LogoutFilter@5aec151b, org.springframework.security.web.authentication.www.BasicAuthenticationFilter@445f6aa7, org.springframework.security.web.savedrequest.RequestCacheAwareFilter@4e3c0627, org.springframework.security.web.servletapi.SecurityContextHolderAwareRequestFilter@57f6fc09, org.springframework.security.web.authentication.AnonymousAuthenticationFilter@19834eb7, org.springframework.security.web.session.SessionManagementFilter@5d200dce, org.springframework.security.web.access.ExceptionTranslationFilter@7b55fc83, org.springframework.security.web.access.intercept.AuthorizationFilter@11a0c708]
INFO : o.s.b.a.w.s.WelcomePageHandlerMapping - Adding welcome page: class path resource [static/index.html]
DEBUG: _.s.web.servlet.HandlerMapping.Mappings - 
	a.w.AccountController:
	{GET [/accounts/{accountId}/beneficiaries/{beneficiaryName}]}: getBeneficiary(int,String)
	{POST [/accounts/{accountId}/beneficiaries]}: addBeneficiary(long,String)
	{POST [/accounts]}: createAccount(Account)
	{GET [/accounts]}: accountSummary()
	{DELETE [/accounts/{accountId}/beneficiaries/{beneficiaryName}]}: removeBeneficiary(long,String)
	{GET [/accounts/{id}]}: accountDetails(int)
	{GET [/authorities]}: getAuthoritiesForUser(String)
DEBUG: _.s.web.servlet.HandlerMapping.Mappings - 
	o.s.b.a.w.s.e.BasicErrorController:
	{ [/error]}: error(HttpServletRequest)
	{ [/error], produces [text/html]}: errorHtml(HttpServletRequest,HttpServletResponse)
DEBUG: _.s.web.servlet.HandlerMapping.Mappings - 'beanNameHandlerMapping' {}
DEBUG: _.s.web.servlet.HandlerMapping.Mappings - 'resourceHandlerMapping' {/webjars/**=ResourceHttpRequestHandler [classpath [META-INF/resources/webjars/]], /**=ResourceHttpRequestHandler [classpath [META-INF/resources/], classpath [resources/], classpath [static/], classpath [public/], ServletContext [/]]}
INFO : o.s.b.t.m.w.SpringBootMockServletContext - Initializing Spring TestDispatcherServlet ''
INFO : o.s.t.web.servlet.TestDispatcherServlet - Initializing Servlet ''
INFO : o.s.t.web.servlet.TestDispatcherServlet - Completed initialization in 1 ms
INFO : a.w.AccountControllerCustomAuthenticationProviderTests - Started AccountControllerCustomAuthenticationProviderTests in 2.377 seconds (JVM running for 16.509)
]]></system-out>
  </testcase>
</testsuite>